<?xml version="1.0" encoding="UTF-8"?>
<testsuite xmlns:xsi="http://www.w3.org/2001/XMLSchema-instance" xsi:noNamespaceSchemaLocation="https://maven.apache.org/surefire/maven-surefire-plugin/xsd/surefire-test-report.xsd" version="3.0.2" name="wo1261931870.analysisJsonToObject.AnalysisJsonToObjectApplicationTests" time="2.895" tests="1" errors="0" skipped="0" failures="0">
  <properties>
[...]
</properties>
  <testcase name="contextLoads" classname="wo1261931870.analysisJsonToObject.AnalysisJsonToObjectApplicationTests" time="0.669">
    <system-out><![CDATA[09:15:37.653 [main] INFO org.springframework.test.context.support.AnnotationConfigContextLoaderUtils -- Could not detect default configuration classes for test class [wo1261931870.analysisJsonToObject.AnalysisJsonToObjectApplicationTests]: AnalysisJsonToObjectApplicationTests does not declare any static, non-private, non-final, nested classes annotated with @Configuration.
09:15:37.755 [main] INFO org.springframework.boot.test.context.SpringBootTestContextBootstrapper -- Found @SpringBootConfiguration wo1261931870.analysisJsonToObject.AnalysisJsonToObjectApplication for test class wo1261931870.analysisJsonToObject.AnalysisJsonToObjectApplicationTests

  .   ____          _            __ _ _
 /\\ / ___'_ __ _ _(_)_ __  __ _ \ \ \ \
( ( )\___ | '_ | '_| | '_ \/ _` | \ \ \ \
 \\/  ___)| |_)| | | | | || (_| |  ) ) ) )
  '  |____| .__|_| |_|_| |_\__, | / / / /
 =========|_|==============|___/=/_/_/_/

 :: Spring Boot ::                (v3.4.1)

2024-12-24T09:15:38.152+08:00  INFO 13016 --- [analysisJsonToObject] [           main] w.a.AnalysisJsonToObjectApplicationTests : Starting AnalysisJsonToObjectApplicationTests using Java 17.0.12 with PID 13016 (started by junw in C:\Users\junw\Documents\GitHub\analysisJsonToObject)
2024-12-24T09:15:38.153+08:00  INFO 13016 --- [analysisJsonToObject] [           main] w.a.AnalysisJsonToObjectApplicationTests : No active profile set, falling back to 1 default profile: "default"
2024-12-24T09:15:39.668+08:00  INFO 13016 --- [analysisJsonToObject] [           main] w.a.AnalysisJsonToObjectApplicationTests : Started AnalysisJsonToObjectApplicationTests in 1.789 seconds (process running for 2.624)
]]></system-out>
  </testcase>
</testsuite>